TestProject/CSipSimple/build/outputs/logs/manifest-merger-debug-report.txt
-- Merging decision tree log ---
manifest
ADDED from src\main\AndroidManifest.xml:2:1-580:12
	package
		ADDED from src\main\AndroidManifest.xml:3:5-29
		INJECTED from src\main\AndroidManifest.xml
		INJECTED from src\main\AndroidManifest.xml
	android:versionName
		ADDED from src\main\AndroidManifest.xml:6:5-34
		INJECTED from src\main\AndroidManifest.xml
		INJECTED from src\main\AndroidManifest.xml
	android:versionCode
		ADDED from src\main\AndroidManifest.xml:5:5-31
		INJECTED from src\main\AndroidManifest.xml
		INJECTED from src\main\AndroidManifest.xml
	xmlns:android
		ADDED from src\main\AndroidManifest.xml:2:11-69
	android:installLocation
		ADDED from src\main\AndroidManifest.xml:4:5-35
supports-screens
ADDED from src\main\AndroidManifest.xml:8:5-13:40
	android:largeScreens
		ADDED from src\main\AndroidManifest.xml:10:9-36
	android:smallScreens
		ADDED from src\main\AndroidManifest.xml:12:9-36
	android:normalScreens
		ADDED from src\main\AndroidManifest.xml:11:9-37
	android:xlargeScreens
		ADDED from src\main\AndroidManifest.xml:13:9-37
	android:anyDensity
		ADDED from src\main\AndroidManifest.xml:9:9-34
uses-sdk
ADDED from src\main\AndroidManifest.xml:15:5-17:41
MERGED from [com.actionbarsherlock:actionbarsherlock:4.4.0] AndroidManifest.xml:3:3-70
MERGED from [com.android.support:support-v4:21.0.3] AndroidManifest.xml:15:5-42
	android:targetSdkVersion
		ADDED from src\main\AndroidManifest.xml:17:9-38
		INJECTED from src\main\AndroidManifest.xml
		INJECTED from src\main\AndroidManifest.xml
	android:minSdkVersion
		ADDED from src\main\AndroidManifest.xml:16:9-34
		INJECTED from src\main\AndroidManifest.xml
		INJECTED from src\main\AndroidManifest.xml
uses-permission#android.permission.INTERNET
ADDED from src\main\AndroidManifest.xml:19:5-67
	android:name
		ADDED from src\main\AndroidManifest.xml:19:22-64
uses-permission#android.permission.RECORD_AUDIO
ADDED from src\main\AndroidManifest.xml:20:5-71
	android:name
		ADDED from src\main\AndroidManifest.xml:20:22-68
uses-permission#android.permission.MODIFY_AUDIO_SETTINGS
ADDED from src\main\AndroidManifest.xml:21:5-80
	android:name
		ADDED from src\main\AndroidManifest.xml:21:22-77
uses-permission#android.permission.PROCESS_OUTGOING_CALLS
ADDED from src\main\AndroidManifest.xml:22:5-81
	android:name
		ADDED from src\main\AndroidManifest.xml:22:22-78
uses-permission#android.permission.WRITE_SETTINGS
ADDED from src\main\AndroidManifest.xml:23:5-73
	android:name
		ADDED from src\main\AndroidManifest.xml:23:22-70
uses-permission#android.permission.READ_PHONE_STATE
ADDED from src\main\AndroidManifest.xml:24:5-75
	android:name
		ADDED from src\main\AndroidManifest.xml:24:22-72
uses-permission#android.permission.ACCESS_WIFI_STATE
ADDED from src\main\AndroidManifest.xml:25:5-76
	android:name
		ADDED from src\main\AndroidManifest.xml:25:22-73
uses-permission#android.permission.ACCESS_NETWORK_STATE
ADDED from src\main\AndroidManifest.xml:26:5-79
	android:name
		ADDED from src\main\AndroidManifest.xml:26:22-76
uses-permission#android.permission.RECEIVE_BOOT_COMPLETED
ADDED from src\main\AndroidManifest.xml:27:5-81
	android:name
		ADDED from src\main\AndroidManifest.xml:27:22-78
uses-permission#android.permission.READ_CONTACTS
ADDED from src\main\AndroidManifest.xml:28:5-72
	android:name
		ADDED from src\main\AndroidManifest.xml:28:22-69
uses-permission#android.permission.WRITE_CONTACTS
ADDED from src\main\AndroidManifest.xml:29:5-73
	android:name
		ADDED from src\main\AndroidManifest.xml:29:22-70
uses-permission#android.permission.CALL_PHONE
ADDED from src\main\AndroidManifest.xml:30:5-69
	android:name
		ADDED from src\main\AndroidManifest.xml:30:22-66
uses-permission#android.permission.WAKE_LOCK
ADDED from src\main\AndroidManifest.xml:36:5-68
	android:name
		ADDED from src\main\AndroidManifest.xml:36:22-65
uses-permission#android.permission.DISABLE_KEYGUARD
ADDED from src\main\AndroidManifest.xml:37:5-75
	android:name
		ADDED from src\main\AndroidManifest.xml:37:22-72
uses-permission#android.permission.VIBRATE
ADDED from src\main\AndroidManifest.xml:38:5-66
	android:name
		ADDED from src\main\AndroidManifest.xml:38:22-63
uses-permission#android.permission.BLUETOOTH
ADDED from src\main\AndroidManifest.xml:39:5-68
	android:name
		ADDED from src\main\AndroidManifest.xml:39:22-65
uses-permission#android.permission.READ_LOGS
ADDED from src\main\AndroidManifest.xml:40:5-68
	android:name
		ADDED from src\main\AndroidManifest.xml:40:22-65
uses-permission#android.permission.USE_SIP
ADDED from src\main\AndroidManifest.xml:42:5-66
	android:name
		ADDED from src\main\AndroidManifest.xml:42:22-63
uses-permission#android.permission.CONFIGURE_SIP
ADDED from src\main\AndroidManifest.xml:43:5-72
	android:name
		ADDED from src\main\AndroidManifest.xml:43:22-69
uses-permission#android.permission.WRITE_EXTERNAL_STORAGE
ADDED from src\main\AndroidManifest.xml:44:5-81
	android:name
		ADDED from src\main\AndroidManifest.xml:44:22-78
uses-permission#android.permission.CAMERA
ADDED from src\main\AndroidManifest.xml:45:5-65
	android:name
		ADDED from src\main\AndroidManifest.xml:45:22-62
uses-permission#android.permission.BROADCAST_STICKY
ADDED from src\main\AndroidManifest.xml:46:5-75
	android:name
		ADDED from src\main\AndroidManifest.xml:46:22-72
uses-permission#android.permission.READ_PROFILE
ADDED from src\main\AndroidManifest.xml:47:5-71
	android:name
		ADDED from src\main\AndroidManifest.xml:47:22-68
uses-permission#android.permission.WRITE_CALL_LOG
ADDED from src\main\AndroidManifest.xml:48:5-73
	android:name
		ADDED from src\main\AndroidManifest.xml:48:22-70
permission#android.permission.USE_SIP
ADDED from src\main\AndroidManifest.xml:58:5-63:47
	android:label
		ADDED from src\main\AndroidManifest.xml:61:9-47
	android:protectionLevel
		ADDED from src\main\AndroidManifest.xml:63:9-44
	android:permissionGroup
		ADDED from src\main\AndroidManifest.xml:62:9-70
	android:description
		ADDED from src\main\AndroidManifest.xml:60:9-54
	android:name
		ADDED from src\main\AndroidManifest.xml:59:9-50
permission#android.permission.CONFIGURE_SIP
ADDED from src\main\AndroidManifest.xml:64:5-69:47
	android:label
		ADDED from src\main\AndroidManifest.xml:67:9-53
	android:protectionLevel
		ADDED from src\main\AndroidManifest.xml:69:9-44
	android:permissionGroup
		ADDED from src\main\AndroidManifest.xml:68:9-70
	android:description
		ADDED from src\main\AndroidManifest.xml:66:9-60
	android:name
		ADDED from src\main\AndroidManifest.xml:65:9-56
uses-feature#android.hardware.wifi
ADDED from src\main\AndroidManifest.xml:73:5-75:36
	android:required
		ADDED from src\main\AndroidManifest.xml:75:9-33
	android:name
		ADDED from src\main\AndroidManifest.xml:74:9-45
uses-feature#android.hardware.telephony
ADDED from src\main\AndroidManifest.xml:76:5-78:36
	android:required
		ADDED from src\main\AndroidManifest.xml:78:9-33
	android:name
		ADDED from src\main\AndroidManifest.xml:77:9-50
uses-feature#android.hardware.microphone
ADDED from src\main\AndroidManifest.xml:79:5-81:35
	android:required
		ADDED from src\main\AndroidManifest.xml:81:9-32
	android:name
		ADDED from src\main\AndroidManifest.xml:80:9-51
uses-feature#android.hardware.touchscreen
ADDED from src\main\AndroidManifest.xml:82:5-84:36
	android:required
		ADDED from src\main\AndroidManifest.xml:84:9-33
	android:name
		ADDED from src\main\AndroidManifest.xml:83:9-52
uses-feature#android.hardware.bluetooth
ADDED from src\main\AndroidManifest.xml:85:5-87:36
	android:required
		ADDED from src\main\AndroidManifest.xml:87:9-33
	android:name
		ADDED from src\main\AndroidManifest.xml:86:9-50
uses-feature#android.hardware.screen.portrait
ADDED from src\main\AndroidManifest.xml:88:5-90:36
	android:required
		ADDED from src\main\AndroidManifest.xml:90:9-33
	android:name
		ADDED from src\main\AndroidManifest.xml:89:9-56
uses-feature#android.hardware.camera
ADDED from src\main\AndroidManifest.xml:91:5-93:36
	android:required
		ADDED from src\main\AndroidManifest.xml:93:9-33
	android:name
		ADDED from src\main\AndroidManifest.xml:92:9-47
uses-feature#android.hardware.camera.autofocus
ADDED from src\main\AndroidManifest.xml:94:5-96:36
	android:required
		ADDED from src\main\AndroidManifest.xml:96:9-33
	android:name
		ADDED from src\main\AndroidManifest.xml:95:9-57
uses-feature#android.hardware.camera.flash
ADDED from src\main\AndroidManifest.xml:97:5-99:36
	android:required
		ADDED from src\main\AndroidManifest.xml:99:9-33
	android:name
		ADDED from src\main\AndroidManifest.xml:98:9-53
uses-feature#android.hardware.camera.front
ADDED from src\main\AndroidManifest.xml:100:5-102:36
	android:required
		ADDED from src\main\AndroidManifest.xml:102:9-33
	android:name
		ADDED from src\main\AndroidManifest.xml:101:9-53
application
ADDED from src\main\AndroidManifest.xml:104:5-578:19
MERGED from [com.actionbarsherlock:actionbarsherlock:4.4.0] AndroidManifest.xml:4:3-17
MERGED from [com.android.support:support-v4:21.0.3] AndroidManifest.xml:16:5-19
	android:backupAgent
		ADDED from src\main\AndroidManifest.xml:106:9-67
	android:label
		ADDED from src\main\AndroidManifest.xml:109:9-41
	android:hardwareAccelerated
		ADDED from src\main\AndroidManifest.xml:107:9-43
	android:allowBackup
		ADDED from src\main\AndroidManifest.xml:105:9-35
	android:icon
		ADDED from src\main\AndroidManifest.xml:108:9-53
meta-data#app_type
ADDED from src\main\AndroidManifest.xml:110:9-112:39
	android:value
		ADDED from src\main\AndroidManifest.xml:112:13-36
	android:name
		ADDED from src\main\AndroidManifest.xml:111:13-36
meta-data#app_channel
ADDED from src\main\AndroidManifest.xml:113:9-115:37
	android:value
		ADDED from src\main\AndroidManifest.xml:115:13-34
	android:name
		ADDED from src\main\AndroidManifest.xml:114:13-39
meta-data#com.google.android.backup.api_key
ADDED from src\main\AndroidManifest.xml:116:9-118:82
	android:value
		ADDED from src\main\AndroidManifest.xml:118:13-79
	android:name
		ADDED from src\main\AndroidManifest.xml:117:13-61
meta-data#com.sec.android.support.multiwindow
ADDED from src\main\AndroidManifest.xml:126:9-128:36
	android:value
		ADDED from src\main\AndroidManifest.xml:128:13-33
	android:name
		ADDED from src\main\AndroidManifest.xml:127:13-63
activity#com.csipsimple.ui.SipHome
ADDED from src\main\AndroidManifest.xml:130:9-170:20
	android:label
		ADDED from src\main\AndroidManifest.xml:132:13-45
	android:launchMode
		ADDED from src\main\AndroidManifest.xml:133:13-44
	android:uiOptions
		ADDED from src\main\AndroidManifest.xml:135:13-57
	android:theme
		ADDED from src\main\AndroidManifest.xml:134:13-45
	android:name
		ADDED from src\main\AndroidManifest.xml:131:13-53
intent-filter#android.intent.action.MAIN+android.intent.category.LAUNCHER+android.intent.category.MULTIWINDOW_LAUNCHER
ADDED from src\main\AndroidManifest.xml:136:13-141:29
action#android.intent.action.MAIN
ADDED from src\main\AndroidManifest.xml:137:17-69
	android:name
		ADDED from src\main\AndroidManifest.xml:137:25-66
category#android.intent.category.LAUNCHER
ADDED from src\main\AndroidManifest.xml:139:17-77
	android:name
		ADDED from src\main\AndroidManifest.xml:139:27-74
category#android.intent.category.MULTIWINDOW_LAUNCHER
ADDED from src\main\AndroidManifest.xml:140:17-89
	android:name
		ADDED from src\main\AndroidManifest.xml:140:27-86
intent-filter#android.intent.category.DEFAULT+com.csipsimple.phone.action.DIALER
ADDED from src\main\AndroidManifest.xml:142:13-146:29
	android:priority
		ADDED from src\main\AndroidManifest.xml:142:28-49
action#com.csipsimple.phone.action.DIALER
ADDED from src\main\AndroidManifest.xml:143:17-77
	android:name
		ADDED from src\main\AndroidManifest.xml:143:25-74
category#android.intent.category.DEFAULT
ADDED from src\main\AndroidManifest.xml:145:17-76
	android:name
		ADDED from src\main\AndroidManifest.xml:145:27-73
intent-filter#android.intent.action.DIAL+android.intent.category.DEFAULT
ADDED from src\main\AndroidManifest.xml:147:13-154:29
	android:priority
		ADDED from src\main\AndroidManifest.xml:147:28-49
action#android.intent.action.DIAL
ADDED from src\main\AndroidManifest.xml:148:17-69
	android:name
		ADDED from src\main\AndroidManifest.xml:148:25-66
data
ADDED from src\main\AndroidManifest.xml:152:17-46
	android:scheme
		ADDED from src\main\AndroidManifest.xml:152:23-43
intent-filter#android.intent.category.DEFAULT+com.csipsimple.phone.action.CALLLOG
ADDED from src\main\AndroidManifest.xml:155:13-159:29
	android:priority
		ADDED from src\main\AndroidManifest.xml:155:28-49
action#com.csipsimple.phone.action.CALLLOG
ADDED from src\main\AndroidManifest.xml:156:17-78
	android:name
		ADDED from src\main\AndroidManifest.xml:156:25-75
intent-filter#android.intent.category.DEFAULT+com.csipsimple.phone.action.FAVORITES
ADDED from src\main\AndroidManifest.xml:160:13-164:29
	android:priority
		ADDED from src\main\AndroidManifest.xml:160:28-49
action#com.csipsimple.phone.action.FAVORITES
ADDED from src\main\AndroidManifest.xml:161:17-80
	android:name
		ADDED from src\main\AndroidManifest.xml:161:25-77
intent-filter#android.intent.category.DEFAULT+com.csipsimple.phone.action.MESSAGES
ADDED from src\main\AndroidManifest.xml:165:13-169:29
	android:priority
		ADDED from src\main\AndroidManifest.xml:165:28-49
action#com.csipsimple.phone.action.MESSAGES
ADDED from src\main\AndroidManifest.xml:166:17-79
	android:name
		ADDED from src\main\AndroidManifest.xml:166:25-76
activity-alias#com.csipsimple.ui.SipDialer
ADDED from src\main\AndroidManifest.xml:172:9-209:26
	android:label
		ADDED from src\main\AndroidManifest.xml:174:13-45
	android:launchMode
		ADDED from src\main\AndroidManifest.xml:175:13-44
	android:targetActivity
		ADDED from src\main\AndroidManifest.xml:176:13-63
	android:uiOptions
		ADDED from src\main\AndroidManifest.xml:178:13-57
	android:theme
		ADDED from src\main\AndroidManifest.xml:177:13-45
	android:name
		ADDED from src\main\AndroidManifest.xml:173:13-55
intent-filter#android.intent.action.SENDTO+android.intent.action.VIEW+android.intent.category.BROWSABLE+android.intent.category.DEFAULT
ADDED from src\main\AndroidManifest.xml:179:13-191:29
action#android.intent.action.VIEW
ADDED from src\main\AndroidManifest.xml:180:17-69
	android:name
		ADDED from src\main\AndroidManifest.xml:180:25-66
action#android.intent.action.SENDTO
ADDED from src\main\AndroidManifest.xml:181:17-71
	android:name
		ADDED from src\main\AndroidManifest.xml:181:25-68
category#android.intent.category.BROWSABLE
ADDED from src\main\AndroidManifest.xml:184:17-78
	android:name
		ADDED from src\main\AndroidManifest.xml:184:27-75
service#com.csipsimple.service.SipService
ADDED from src\main\AndroidManifest.xml:213:9-222:19
	android:process
		ADDED from src\main\AndroidManifest.xml:217:13-40
	android:exported
		ADDED from src\main\AndroidManifest.xml:215:13-36
	android:permission
		ADDED from src\main\AndroidManifest.xml:216:13-66
	android:name
		ADDED from src\main\AndroidManifest.xml:214:13-61
intent-filter#com.csipsimple.service.SipConfiguration+com.csipsimple.service.SipService
ADDED from src\main\AndroidManifest.xml:218:13-221:29
action#com.csipsimple.service.SipService
ADDED from src\main\AndroidManifest.xml:219:17-76
	android:name
		ADDED from src\main\AndroidManifest.xml:219:25-73
action#com.csipsimple.service.SipConfiguration
ADDED from src\main\AndroidManifest.xml:220:17-82
	android:name
		ADDED from src\main\AndroidManifest.xml:220:25-79
service#com.csipsimple.service.Downloader
ADDED from src\main\AndroidManifest.xml:223:9-69
	android:name
		ADDED from src\main\AndroidManifest.xml:223:18-66
receiver#com.csipsimple.service.DeviceStateReceiver
ADDED from src\main\AndroidManifest.xml:225:9-240:20
	android:process
		ADDED from src\main\AndroidManifest.xml:227:13-40
	android:name
		ADDED from src\main\AndroidManifest.xml:226:13-70
intent-filter#android.intent.action.BOOT_COMPLETED+android.net.conn.CONNECTIVITY_CHANGE
ADDED from src\main\AndroidManifest.xml:230:13-233:29
action#android.net.conn.CONNECTIVITY_CHANGE
ADDED from src\main\AndroidManifest.xml:231:17-79
	android:name
		ADDED from src\main\AndroidManifest.xml:231:25-76
action#android.intent.action.BOOT_COMPLETED
ADDED from src\main\AndroidManifest.xml:232:17-79
	android:name
		ADDED from src\main\AndroidManifest.xml:232:25-76
intent-filter#android.intent.action.PACKAGE_ADDED+android.intent.action.PACKAGE_REMOVED
ADDED from src\main\AndroidManifest.xml:234:13-239:29
action#android.intent.action.PACKAGE_ADDED
ADDED from src\main\AndroidManifest.xml:235:17-78
	android:name
		ADDED from src\main\AndroidManifest.xml:235:25-75
action#android.intent.action.PACKAGE_REMOVED
ADDED from src\main\AndroidManifest.xml:236:17-80
	android:name
		ADDED from src\main\AndroidManifest.xml:236:25-77
activity#com.csipsimple.ui.calllog.CallLogDetailsActivity
ADDED from src\main\AndroidManifest.xml:251:9-253:48
	android:theme
		ADDED from src\main\AndroidManifest.xml:253:13-45
	android:name
		ADDED from src\main\AndroidManifest.xml:252:13-76
activity#com.csipsimple.ui.filters.AccountFilters
ADDED from src\main\AndroidManifest.xml:256:9-260:48
	android:label
		ADDED from src\main\AndroidManifest.xml:259:13-44
	android:configChanges
		ADDED from src\main\AndroidManifest.xml:258:13-48
	android:theme
		ADDED from src\main\AndroidManifest.xml:260:13-45
	android:name
		ADDED from src\main\AndroidManifest.xml:257:13-68
activity#com.csipsimple.ui.filters.EditFilter
ADDED from src\main\AndroidManifest.xml:261:9-265:48
	android:label
		ADDED from src\main\AndroidManifest.xml:264:13-44
	android:configChanges
		ADDED from src\main\AndroidManifest.xml:263:13-48
	android:theme
		ADDED from src\main\AndroidManifest.xml:265:13-45
	android:name
		ADDED from src\main\AndroidManifest.xml:262:13-64
activity#com.csipsimple.wizards.WizardChooser
ADDED from src\main\AndroidManifest.xml:266:9-270:55
	android:label
		ADDED from src\main\AndroidManifest.xml:269:13-50
	android:configChanges
		ADDED from src\main\AndroidManifest.xml:268:13-48
	android:theme
		ADDED from src\main\AndroidManifest.xml:270:13-52
	android:name
		ADDED from src\main\AndroidManifest.xml:267:13-64
activity#com.csipsimple.ui.prefs.hc.MainPrefs
ADDED from src\main\AndroidManifest.xml:273:9-285:20
	android:enabled
		ADDED from src\main\AndroidManifest.xml:276:13-49
	android:label
		ADDED from src\main\AndroidManifest.xml:277:13-42
	android:permission
		ADDED from src\main\AndroidManifest.xml:278:13-66
	android:configChanges
		ADDED from src\main\AndroidManifest.xml:275:13-48
	android:theme
		ADDED from src\main\AndroidManifest.xml:279:13-45
	android:name
		ADDED from src\main\AndroidManifest.xml:274:13-64
intent-filter#android.intent.category.DEFAULT+com.csipsimple.ui.action.PREFS_GLOBAL
ADDED from src\main\AndroidManifest.xml:280:13-284:29
action#com.csipsimple.ui.action.PREFS_GLOBAL
ADDED from src\main\AndroidManifest.xml:281:17-80
	android:name
		ADDED from src\main\AndroidManifest.xml:281:25-77
activity#com.csipsimple.ui.prefs.cupcake.MainPrefs
ADDED from src\main\AndroidManifest.xml:286:9-298:20
	android:enabled
		ADDED from src\main\AndroidManifest.xml:289:13-54
	android:label
		ADDED from src\main\AndroidManifest.xml:290:13-42
	android:permission
		ADDED from src\main\AndroidManifest.xml:291:13-66
	android:configChanges
		ADDED from src\main\AndroidManifest.xml:288:13-48
	android:theme
		ADDED from src\main\AndroidManifest.xml:292:13-45
	android:name
		ADDED from src\main\AndroidManifest.xml:287:13-69
activity#com.csipsimple.ui.prefs.cupcake.PrefsLoaderActivity
ADDED from src\main\AndroidManifest.xml:299:9-302:48
	android:label
		ADDED from src\main\AndroidManifest.xml:301:13-29
	android:theme
		ADDED from src\main\AndroidManifest.xml:302:13-45
	android:name
		ADDED from src\main\AndroidManifest.xml:300:13-79
activity#com.csipsimple.ui.prefs.PrefsFilters
ADDED from src\main\AndroidManifest.xml:303:9-307:48
	android:label
		ADDED from src\main\AndroidManifest.xml:306:13-44
	android:configChanges
		ADDED from src\main\AndroidManifest.xml:305:13-48
	android:theme
		ADDED from src\main\AndroidManifest.xml:307:13-45
	android:name
		ADDED from src\main\AndroidManifest.xml:304:13-64
activity#com.csipsimple.ui.prefs.PrefsFast
ADDED from src\main\AndroidManifest.xml:308:9-319:20
	android:label
		ADDED from src\main\AndroidManifest.xml:311:13-47
	android:permission
		ADDED from src\main\AndroidManifest.xml:312:13-66
	android:configChanges
		ADDED from src\main\AndroidManifest.xml:310:13-48
	android:theme
		ADDED from src\main\AndroidManifest.xml:313:13-52
	android:name
		ADDED from src\main\AndroidManifest.xml:309:13-61
intent-filter#android.intent.category.DEFAULT+com.csipsimple.ui.action.PREFS_FAST
ADDED from src\main\AndroidManifest.xml:314:13-318:29
action#com.csipsimple.ui.action.PREFS_FAST
ADDED from src\main\AndroidManifest.xml:315:17-78
	android:name
		ADDED from src\main\AndroidManifest.xml:315:25-75
activity#com.csipsimple.ui.prefs.Codecs
ADDED from src\main\AndroidManifest.xml:320:9-324:48
	android:label
		ADDED from src\main\AndroidManifest.xml:323:13-43
	android:configChanges
		ADDED from src\main\AndroidManifest.xml:322:13-48
	android:theme
		ADDED from src\main\AndroidManifest.xml:324:13-45
	android:name
		ADDED from src\main\AndroidManifest.xml:321:13-58
activity#com.csipsimple.ui.prefs.AudioTester
ADDED from src\main\AndroidManifest.xml:325:9-329:55
	android:screenOrientation
		ADDED from src\main\AndroidManifest.xml:328:13-49
	android:label
		ADDED from src\main\AndroidManifest.xml:327:13-47
	android:theme
		ADDED from src\main\AndroidManifest.xml:329:13-52
	android:name
		ADDED from src\main\AndroidManifest.xml:326:13-63
activity#com.csipsimple.wizards.BasePrefsWizard
ADDED from src\main\AndroidManifest.xml:332:9-336:48
	android:label
		ADDED from src\main\AndroidManifest.xml:335:13-41
	android:configChanges
		ADDED from src\main\AndroidManifest.xml:334:13-48
	android:theme
		ADDED from src\main\AndroidManifest.xml:336:13-45
	android:name
		ADDED from src\main\AndroidManifest.xml:333:13-66
receiver#com.csipsimple.service.OutgoingCall
ADDED from src\main\AndroidManifest.xml:339:9-348:20
	android:process
		ADDED from src\main\AndroidManifest.xml:342:13-40
	android:permission
		ADDED from src\main\AndroidManifest.xml:341:13-63
	android:name
		ADDED from src\main\AndroidManifest.xml:340:13-63
intent-filter#android.intent.action.NEW_OUTGOING_CALL
ADDED from src\main\AndroidManifest.xml:345:13-347:29
	android:priority
		ADDED from src\main\AndroidManifest.xml:345:28-48
action#android.intent.action.NEW_OUTGOING_CALL
ADDED from src\main\AndroidManifest.xml:346:17-82
	android:name
		ADDED from src\main\AndroidManifest.xml:346:25-79
activity#com.csipsimple.ui.outgoingcall.OutgoingCallChooser
ADDED from src\main\AndroidManifest.xml:350:9-379:20
	android:process
		ADDED from src\main\AndroidManifest.xml:358:13-40
	android:label
		ADDED from src\main\AndroidManifest.xml:355:13-41
	android:excludeFromRecents
		ADDED from src\main\AndroidManifest.xml:354:13-46
	android:launchMode
		ADDED from src\main\AndroidManifest.xml:356:13-44
	android:permission
		ADDED from src\main\AndroidManifest.xml:357:13-60
	android:allowTaskReparenting
		ADDED from src\main\AndroidManifest.xml:352:13-49
	android:configChanges
		ADDED from src\main\AndroidManifest.xml:353:13-48
	android:theme
		ADDED from src\main\AndroidManifest.xml:360:13-52
	android:taskAffinity
		ADDED from src\main\AndroidManifest.xml:359:13-36
	android:name
		ADDED from src\main\AndroidManifest.xml:351:13-78
intent-filter#android.intent.action.CALL+android.intent.category.DEFAULT
ADDED from src\main\AndroidManifest.xml:361:13-369:29
action#android.intent.action.CALL
ADDED from src\main\AndroidManifest.xml:362:17-69
	android:name
		ADDED from src\main\AndroidManifest.xml:362:25-66
intent-filter#android.intent.category.DEFAULT+android.phone.extra.NEW_CALL_INTENT
ADDED from src\main\AndroidManifest.xml:370:13-378:29
	android:priority
		ADDED from src\main\AndroidManifest.xml:370:28-49
action#android.phone.extra.NEW_CALL_INTENT
ADDED from src\main\AndroidManifest.xml:371:17-78
	android:name
		ADDED from src\main\AndroidManifest.xml:371:25-75
activity-alias#com.csipsimple.ui.PrivilegedOutgoingSipCallBroadcaster
ADDED from src\main\AndroidManifest.xml:381:9-396:26
	android:excludeFromRecents
		ADDED from src\main\AndroidManifest.xml:384:13-46
	android:launchMode
		ADDED from src\main\AndroidManifest.xml:385:13-44
	android:targetActivity
		ADDED from src\main\AndroidManifest.xml:387:13-88
	android:permission
		ADDED from src\main\AndroidManifest.xml:386:13-68
	android:configChanges
		ADDED from src\main\AndroidManifest.xml:383:13-48
	android:theme
		ADDED from src\main\AndroidManifest.xml:388:13-52
	android:name
		ADDED from src\main\AndroidManifest.xml:382:13-82
intent-filter#android.intent.action.CALL_PRIVILEGED+android.intent.category.DEFAULT
ADDED from src\main\AndroidManifest.xml:389:13-395:29
action#android.intent.action.CALL_PRIVILEGED
ADDED from src\main\AndroidManifest.xml:390:17-80
	android:name
		ADDED from src\main\AndroidManifest.xml:390:25-77
activity-alias#com.csipsimple.ui.PrivilegedOutgoingCallBroadcaster
ADDED from src\main\AndroidManifest.xml:397:9-432:26
	android:enabled
		ADDED from src\main\AndroidManifest.xml:400:13-36
	android:label
		ADDED from src\main\AndroidManifest.xml:402:13-45
	android:excludeFromRecents
		ADDED from src\main\AndroidManifest.xml:401:13-46
	android:launchMode
		ADDED from src\main\AndroidManifest.xml:403:13-44
	android:targetActivity
		ADDED from src\main\AndroidManifest.xml:405:13-88
	android:permission
		ADDED from src\main\AndroidManifest.xml:404:13-68
	android:configChanges
		ADDED from src\main\AndroidManifest.xml:399:13-48
	android:theme
		ADDED from src\main\AndroidManifest.xml:406:13-52
	android:name
		ADDED from src\main\AndroidManifest.xml:398:13-79
intent-filter#android.intent.action.SENDTO+android.intent.category.BROWSABLE+android.intent.category.DEFAULT
ADDED from src\main\AndroidManifest.xml:423:13-431:29
activity#com.csipsimple.ui.incall.InCallActivity
ADDED from src\main\AndroidManifest.xml:435:9-450:20
	android:process
		ADDED from src\main\AndroidManifest.xml:442:13-40
	android:excludeFromRecents
		ADDED from src\main\AndroidManifest.xml:439:13-46
	android:launchMode
		ADDED from src\main\AndroidManifest.xml:440:13-44
	android:permission
		ADDED from src\main\AndroidManifest.xml:441:13-66
	android:allowTaskReparenting
		ADDED from src\main\AndroidManifest.xml:437:13-48
	android:configChanges
		ADDED from src\main\AndroidManifest.xml:438:13-48
	android:theme
		ADDED from src\main\AndroidManifest.xml:444:13-53
	android:taskAffinity
		ADDED from src\main\AndroidManifest.xml:443:13-36
	android:name
		ADDED from src\main\AndroidManifest.xml:436:13-67
intent-filter#android.intent.category.DEFAULT+com.csipsimple.phone.action.INCALL
ADDED from src\main\AndroidManifest.xml:445:13-449:29
	android:priority
		ADDED from src\main\AndroidManifest.xml:445:28-49
action#com.csipsimple.phone.action.INCALL
ADDED from src\main\AndroidManifest.xml:446:17-77
	android:name
		ADDED from src\main\AndroidManifest.xml:446:25-74
activity#com.csipsimple.ui.PickupSipUri
ADDED from src\main\AndroidManifest.xml:451:9-455:48
	android:label
		ADDED from src\main\AndroidManifest.xml:454:13-51
	android:configChanges
		ADDED from src\main\AndroidManifest.xml:453:13-48
	android:theme
		ADDED from src\main\AndroidManifest.xml:455:13-45
	android:name
		ADDED from src\main\AndroidManifest.xml:452:13-58
activity#com.csipsimple.ui.incall.InCallMediaControl
ADDED from src\main\AndroidManifest.xml:456:9-461:55
	android:label
		ADDED from src\main\AndroidManifest.xml:459:13-48
	android:configChanges
		ADDED from src\main\AndroidManifest.xml:458:13-48
	android:theme
		ADDED from src\main\AndroidManifest.xml:461:13-52
	android:taskAffinity
		ADDED from src\main\AndroidManifest.xml:460:13-75
	android:name
		ADDED from src\main\AndroidManifest.xml:457:13-71
receiver#com.csipsimple.service.HeadsetButtonReceiver
ADDED from src\main\AndroidManifest.xml:463:9-81
	android:name
		ADDED from src\main\AndroidManifest.xml:463:19-78
receiver#com.csipsimple.widgets.AccountWidgetProvider
ADDED from src\main\AndroidManifest.xml:466:9-479:20
	android:label
		ADDED from src\main\AndroidManifest.xml:469:13-49
	android:icon
		ADDED from src\main\AndroidManifest.xml:468:13-55
	android:name
		ADDED from src\main\AndroidManifest.xml:467:13-72
intent-filter#android.appwidget.action.APPWIDGET_UPDATE+com.csipsimple.service.ACCOUNT_CHANGED+com.csipsimple.service.REGISTRATION_CHANGED
ADDED from src\main\AndroidManifest.xml:470:13-474:29
action#android.appwidget.action.APPWIDGET_UPDATE
ADDED from src\main\AndroidManifest.xml:471:17-84
	android:name
		ADDED from src\main\AndroidManifest.xml:471:25-81
action#com.csipsimple.service.ACCOUNT_CHANGED
ADDED from src\main\AndroidManifest.xml:472:17-81
	android:name
		ADDED from src\main\AndroidManifest.xml:472:25-78
action#com.csipsimple.service.REGISTRATION_CHANGED
ADDED from src\main\AndroidManifest.xml:473:17-86
	android:name
		ADDED from src\main\AndroidManifest.xml:473:25-83
meta-data#android.appwidget.provider
ADDED from src\main\AndroidManifest.xml:476:13-478:58
	android:resource
		ADDED from src\main\AndroidManifest.xml:478:17-55
	android:name
		ADDED from src\main\AndroidManifest.xml:477:17-58
activity#com.csipsimple.widgets.AccountWidgetConfigure
ADDED from src\main\AndroidManifest.xml:481:9-487:20
	android:theme
		ADDED from src\main\AndroidManifest.xml:483:13-45
	android:name
		ADDED from src\main\AndroidManifest.xml:482:13-73
intent-filter#android.appwidget.action.APPWIDGET_CONFIGURE
ADDED from src\main\AndroidManifest.xml:484:13-486:29
action#android.appwidget.action.APPWIDGET_CONFIGURE
ADDED from src\main\AndroidManifest.xml:485:17-87
	android:name
		ADDED from src\main\AndroidManifest.xml:485:25-84
receiver#com.csipsimple.widgets.ShortcutWidgetProvider
ADDED from src\main\AndroidManifest.xml:489:9-500:20
	android:label
		ADDED from src\main\AndroidManifest.xml:492:13-56
	android:icon